<?xml version="1.0" encoding="UTF-8"?>
<!-- Generated by org.testng.reporters.JUnitXMLReporter -->
<testsuite ignored="0" hostname="Jatin-Mezash-LPT" failures="0" tests="30" name="Default test" time="215.977" errors="0" timestamp="2024-10-14T12:24:58 IST">
  <testcase classname="Amity.Online.Module1_FunctionalTesting" name="AmityLogo" time="0.118"/>
  <testcase classname="Amity.Online.Module1_FunctionalTesting" name="ProgramsHeaderButton" time="0.517"/>
  <testcase classname="Amity.Online.Module1_FunctionalTesting" name="CareerServicesHeaderButton" time="2.38"/>
  <testcase classname="Amity.Online.Module1_FunctionalTesting" name="AdvantagesHeaderButton" time="1.077"/>
  <testcase classname="Amity.Online.Module1_FunctionalTesting" name="SearchHeaderButton" time="0.065"/>
  <testcase classname="Amity.Online.Module1_FunctionalTesting" name="CallusHeaderButton" time="2.292"/>
  <testcase classname="Amity.Online.Module1_FunctionalTesting" name="StudentLoginHeaderButton" time="2.334"/>
  <testcase classname="Amity.Online.Module1_FunctionalTesting" name="EnrollNowHeaderButton" time="3.034"/>
  <testcase classname="Amity.Online.Module1_FunctionalTesting" name="ApplyNowHerocardButton" time="5.321"/>
  <testcase classname="Amity.Online.Module1_FunctionalTesting" name="Callusicon" time="6.466"/>
  <testcase classname="Amity.Online.Module1_FunctionalTesting" name="WhatsappIcon" time="3.692"/>
  <testcase classname="Amity.Online.Module1_FunctionalTesting" name="ViewAllButton" time="1.03"/>
  <testcase classname="Amity.Online.Module1_FunctionalTesting" name="RequestAcallButton" time="3.419"/>
  <testcase classname="Amity.Online.Module1_FunctionalTesting" name="ViewAllStayInformed" time="0.958"/>
  <testcase classname="Amity.Online.Module1_FunctionalTesting" name="ViewAllLatestBlog" time="1.228"/>
  <testcase classname="Amity.Online.Module1_FunctionalTesting" name="KnowMore" time="2.89"/>
  <testcase classname="Amity.Online.Module1_FunctionalTesting" name="ApplyNowButtonCTAs" time="4.968"/>
  <testcase classname="Amity.Online.Module1_FunctionalTesting" name="Aboutus" time="5.169"/>
  <testcase classname="Amity.Online.Module1_FunctionalTesting" name="CareerServices" time="4.962"/>
  <testcase classname="Amity.Online.Module1_FunctionalTesting" name="StudentStories" time="5.606"/>
  <testcase classname="Amity.Online.Module1_FunctionalTesting" name="Leadership" time="5.193"/>
  <testcase classname="Amity.Online.Module1_FunctionalTesting" name="Corporate" time="5.311"/>
  <testcase classname="Amity.Online.Module1_FunctionalTesting" name="Contactus" time="5.009"/>
  <testcase classname="Amity.Online.Module1_FunctionalTesting" name="TermsandConditions" time="5.041"/>
  <testcase classname="Amity.Online.Module1_FunctionalTesting" name="StudentSupport" time="7.251"/>
  <testcase classname="Amity.Online.Module1_FunctionalTesting" name="IntellectualProperty" time="9.269"/>
  <testcase classname="Amity.Online.Module1_FunctionalTesting" name="UGCApprovals" time="5.881"/>
  <testcase classname="Amity.Online.Module1_FunctionalTesting" name="Resource" time="6.853"/>
  <testcase classname="Amity.Online.Module1_FunctionalTesting" name="Blog" time="4.928"/>
  <testcase classname="Amity.Online.Module1_FunctionalTesting" name="Media" time="7.038"/>
</testsuite> <!-- Default test -->
