<?xml version="1.0" encoding="UTF-8"?>
<!-- Generated by org.testng.reporters.JUnitXMLReporter -->
<testsuite ignored="0" hostname="Jatin-Mezash-LPT" failures="0" tests="44" name="Default test" time="379.887" errors="0" timestamp="2025-02-17T14:14:57 IST">
  <testcase classname="Amity.Online.Module1_FunctionalTesting" name="AmityLogo" time="1.25"/>
  <testcase classname="Amity.Online.Module1_FunctionalTesting" name="ProgramsHeaderButton" time="3.812"/>
  <testcase classname="Amity.Online.Module1_FunctionalTesting" name="CareerServicesHeaderButton" time="3.961"/>
  <testcase classname="Amity.Online.Module1_FunctionalTesting" name="AdvantagesHeaderButton" time="3.006"/>
  <testcase classname="Amity.Online.Module1_FunctionalTesting" name="SearchHeaderButton" time="1.209"/>
  <testcase classname="Amity.Online.Module1_FunctionalTesting" name="CallusHeaderButton" time="4.198"/>
  <testcase classname="Amity.Online.Module1_FunctionalTesting" name="StudentLoginHeaderButton" time="3.881"/>
  <testcase classname="Amity.Online.Module1_FunctionalTesting" name="ApplyNowHeaderButton" time="7.433"/>
  <testcase classname="Amity.Online.Module1_FunctionalTesting" name="ApplyNowHerocardButton" time="5.615"/>
  <testcase classname="Amity.Online.Module1_FunctionalTesting" name="Callusicon" time="7.869"/>
  <testcase classname="Amity.Online.Module1_FunctionalTesting" name="WhatsappIcon" time="5.952"/>
  <testcase classname="Amity.Online.Module1_FunctionalTesting" name="ViewAllButton" time="2.923"/>
  <testcase classname="Amity.Online.Module1_FunctionalTesting" name="RequestAcallButton" time="4.393"/>
  <testcase classname="Amity.Online.Module1_FunctionalTesting" name="ViewAllStayInformed" time="3.533"/>
  <testcase classname="Amity.Online.Module1_FunctionalTesting" name="ViewAllLatestBlog" time="2.459"/>
  <testcase classname="Amity.Online.Module1_FunctionalTesting" name="KnowMore" time="5.323"/>
  <testcase classname="Amity.Online.Module1_FunctionalTesting" name="ApplyNowButtonBlueBanner" time="6.236"/>
  <testcase classname="Amity.Online.Module1_FunctionalTesting" name="Aboutus" time="7.234"/>
  <testcase classname="Amity.Online.Module1_FunctionalTesting" name="CareerServices" time="6.735"/>
  <testcase classname="Amity.Online.Module1_FunctionalTesting" name="StudentStories" time="8.43"/>
  <testcase classname="Amity.Online.Module1_FunctionalTesting" name="Leadership" time="6.813"/>
  <testcase classname="Amity.Online.Module1_FunctionalTesting" name="Corporate" time="7.734"/>
  <testcase classname="Amity.Online.Module1_FunctionalTesting" name="Contactus" time="6.895"/>
  <testcase classname="Amity.Online.Module1_FunctionalTesting" name="PrivacyPolicy" time="6.61"/>
  <testcase classname="Amity.Online.Module1_FunctionalTesting" name="StudentSupport" time="6.525"/>
  <testcase classname="Amity.Online.Module1_FunctionalTesting" name="IntellectualProperty" time="9.728"/>
  <testcase classname="Amity.Online.Module1_FunctionalTesting" name="UGCApprovals" time="7.101"/>
  <testcase classname="Amity.Online.Module1_FunctionalTesting" name="Resource" time="9.578"/>
  <testcase classname="Amity.Online.Module1_FunctionalTesting" name="Blog" time="8.714"/>
  <testcase classname="Amity.Online.Module1_FunctionalTesting" name="Media" time="8.095"/>
  <testcase classname="Amity.Online.Module1_FunctionalTesting" name="BachelorofComputerApplications" time="5.668"/>
  <testcase classname="Amity.Online.Module1_FunctionalTesting" name="BCAwithspecializationinCloudandSecurity" time="6.297"/>
  <testcase classname="Amity.Online.Module1_FunctionalTesting" name="BCAwithspecializationinDataAnalytics" time="5.691"/>
  <testcase classname="Amity.Online.Module1_FunctionalTesting" name="BachelorofBusinessAdministration" time="7.063"/>
  <testcase classname="Amity.Online.Module1_FunctionalTesting" name="BachelorofArtsJournalismandMasscommunication" time="6.349"/>
  <testcase classname="Amity.Online.Module1_FunctionalTesting" name="BachelorofCommerce" time="5.96"/>
  <testcase classname="Amity.Online.Module1_FunctionalTesting" name="BachelorofArts" time="6.167"/>
  <testcase classname="Amity.Online.Module1_FunctionalTesting" name="BachelorofArtKannadaMedium" time="4.53"/>
  <testcase classname="Amity.Online.Module1_FunctionalTesting" name="BachelorofArtsMalayalamMedium" time="6.588"/>
  <testcase classname="Amity.Online.Module1_FunctionalTesting" name="BachelorofArtsTamilMedium" time="6.236"/>
  <testcase classname="Amity.Online.Module1_FunctionalTesting" name="BachelorofArtsTeluguMedium" time="6.388"/>
  <testcase classname="Amity.Online.Module1_FunctionalTesting" name="BachelorofArtsHindiMedium" time="6.049"/>
  <testcase classname="Amity.Online.Module1_FunctionalTesting" name="BComwithSpecializationinInternationalFinanceandAccounting" time="6.071"/>
  <testcase classname="Amity.Online.Module1_FunctionalTesting" name="BachelorOfCommerceHonours" time="6.009"/>
</testsuite> <!-- Default test -->
