<?xml version="1.0" encoding="UTF-8"?>
<testng-results ignored="0" total="44" passed="44" failed="0" skipped="0">
  <reporter-output>
  </reporter-output>
  <suite started-at="2025-02-17T14:08:37 IST" name="Default suite" finished-at="2025-02-17T14:14:57 IST" duration-ms="379887">
    <groups>
    </groups>
    <test started-at="2025-02-17T14:08:37 IST" name="Default test" finished-at="2025-02-17T14:14:57 IST" duration-ms="379887">
      <class name="Amity.Online.Module1_FunctionalTesting">
        <test-method is-config="true" signature="GenerateReport()[pri:0, instance:Amity.Online.Module1_FunctionalTesting@6cd24612]" started-at="2025-02-17T14:08:37 IST" name="GenerateReport" finished-at="2025-02-17T14:08:38 IST" duration-ms="592" status="PASS">
          <reporter-output>
          </reporter-output>
        </test-method> <!-- GenerateReport -->
        <test-method is-config="true" signature="LaunchBrowser()[pri:0, instance:Amity.Online.Module1_FunctionalTesting@6cd24612]" started-at="2025-02-17T14:08:38 IST" name="LaunchBrowser" finished-at="2025-02-17T14:08:43 IST" duration-ms="5414" status="PASS">
          <reporter-output>
          </reporter-output>
        </test-method> <!-- LaunchBrowser -->
        <test-method signature="AmityLogo()[pri:1, instance:Amity.Online.Module1_FunctionalTesting@6cd24612]" started-at="2025-02-17T14:08:43 IST" name="AmityLogo" finished-at="2025-02-17T14:08:44 IST" duration-ms="1250" status="PASS">
          <reporter-output>
          </reporter-output>
        </test-method> <!-- AmityLogo -->
        <test-method is-config="true" signature="CloseBrowser(org.testng.ITestResult)[pri:0, instance:Amity.Online.Module1_FunctionalTesting@6cd24612]" started-at="2025-02-17T14:08:44 IST" name="CloseBrowser" finished-at="2025-02-17T14:08:45 IST" duration-ms="366" status="PASS">
          <params>
            <param index="0">
              <value>
                <![CDATA[[TestResult name=AmityLogo status=SUCCESS method=Module1_FunctionalTesting.AmityLogo()[pri:1, instance:Amity.Online.Module1_FunctionalTesting@6cd24612] output={null}]]]>
              </value>
            </param>
          </params>
          <reporter-output>
          </reporter-output>
        </test-method> <!-- CloseBrowser -->
        <test-method is-config="true" signature="LaunchBrowser()[pri:0, instance:Amity.Online.Module1_FunctionalTesting@6cd24612]" started-at="2025-02-17T14:08:45 IST" name="LaunchBrowser" finished-at="2025-02-17T14:08:47 IST" duration-ms="2017" status="PASS">
          <reporter-output>
          </reporter-output>
        </test-method> <!-- LaunchBrowser -->
        <test-method signature="ProgramsHeaderButton()[pri:2, instance:Amity.Online.Module1_FunctionalTesting@6cd24612]" started-at="2025-02-17T14:08:47 IST" name="ProgramsHeaderButton" finished-at="2025-02-17T14:08:51 IST" duration-ms="3812" status="PASS">
          <reporter-output>
          </reporter-output>
        </test-method> <!-- ProgramsHeaderButton -->
        <test-method is-config="true" signature="CloseBrowser(org.testng.ITestResult)[pri:0, instance:Amity.Online.Module1_FunctionalTesting@6cd24612]" started-at="2025-02-17T14:08:51 IST" name="CloseBrowser" finished-at="2025-02-17T14:08:51 IST" duration-ms="350" status="PASS">
          <params>
            <param index="0">
              <value>
                <![CDATA[[TestResult name=ProgramsHeaderButton status=SUCCESS method=Module1_FunctionalTesting.ProgramsHeaderButton()[pri:2, instance:Amity.Online.Module1_FunctionalTesting@6cd24612] output={null}]]]>
              </value>
            </param>
          </params>
          <reporter-output>
          </reporter-output>
        </test-method> <!-- CloseBrowser -->
        <test-method is-config="true" signature="LaunchBrowser()[pri:0, instance:Amity.Online.Module1_FunctionalTesting@6cd24612]" started-at="2025-02-17T14:08:51 IST" name="LaunchBrowser" finished-at="2025-02-17T14:08:53 IST" duration-ms="1836" status="PASS">
          <reporter-output>
          </reporter-output>
        </test-method> <!-- LaunchBrowser -->
        <test-method signature="CareerServicesHeaderButton()[pri:3, instance:Amity.Online.Module1_FunctionalTesting@6cd24612]" started-at="2025-02-17T14:08:53 IST" name="CareerServicesHeaderButton" finished-at="2025-02-17T14:08:57 IST" duration-ms="3961" status="PASS">
          <reporter-output>
          </reporter-output>
        </test-method> <!-- CareerServicesHeaderButton -->
        <test-method is-config="true" signature="CloseBrowser(org.testng.ITestResult)[pri:0, instance:Amity.Online.Module1_FunctionalTesting@6cd24612]" started-at="2025-02-17T14:08:57 IST" name="CloseBrowser" finished-at="2025-02-17T14:08:57 IST" duration-ms="360" status="PASS">
          <params>
            <param index="0">
              <value>
                <![CDATA[[TestResult name=CareerServicesHeaderButton status=SUCCESS method=Module1_FunctionalTesting.CareerServicesHeaderButton()[pri:3, instance:Amity.Online.Module1_FunctionalTesting@6cd24612] output={null}]]]>
              </value>
            </param>
          </params>
          <reporter-output>
          </reporter-output>
        </test-method> <!-- CloseBrowser -->
        <test-method is-config="true" signature="LaunchBrowser()[pri:0, instance:Amity.Online.Module1_FunctionalTesting@6cd24612]" started-at="2025-02-17T14:08:57 IST" name="LaunchBrowser" finished-at="2025-02-17T14:08:59 IST" duration-ms="2180" status="PASS">
          <reporter-output>
          </reporter-output>
        </test-method> <!-- LaunchBrowser -->
        <test-method signature="AdvantagesHeaderButton()[pri:4, instance:Amity.Online.Module1_FunctionalTesting@6cd24612]" started-at="2025-02-17T14:08:59 IST" name="AdvantagesHeaderButton" finished-at="2025-02-17T14:09:02 IST" duration-ms="3006" status="PASS">
          <reporter-output>
          </reporter-output>
        </test-method> <!-- AdvantagesHeaderButton -->
        <test-method is-config="true" signature="CloseBrowser(org.testng.ITestResult)[pri:0, instance:Amity.Online.Module1_FunctionalTesting@6cd24612]" started-at="2025-02-17T14:09:02 IST" name="CloseBrowser" finished-at="2025-02-17T14:09:03 IST" duration-ms="746" status="PASS">
          <params>
            <param index="0">
              <value>
                <![CDATA[[TestResult name=AdvantagesHeaderButton status=SUCCESS method=Module1_FunctionalTesting.AdvantagesHeaderButton()[pri:4, instance:Amity.Online.Module1_FunctionalTesting@6cd24612] output={null}]]]>
              </value>
            </param>
          </params>
          <reporter-output>
          </reporter-output>
        </test-method> <!-- CloseBrowser -->
        <test-method is-config="true" signature="LaunchBrowser()[pri:0, instance:Amity.Online.Module1_FunctionalTesting@6cd24612]" started-at="2025-02-17T14:09:03 IST" name="LaunchBrowser" finished-at="2025-02-17T14:09:05 IST" duration-ms="1869" status="PASS">
          <reporter-output>
          </reporter-output>
        </test-method> <!-- LaunchBrowser -->
        <test-method signature="SearchHeaderButton()[pri:5, instance:Amity.Online.Module1_FunctionalTesting@6cd24612]" started-at="2025-02-17T14:09:05 IST" name="SearchHeaderButton" finished-at="2025-02-17T14:09:06 IST" duration-ms="1209" status="PASS">
          <reporter-output>
          </reporter-output>
        </test-method> <!-- SearchHeaderButton -->
        <test-method is-config="true" signature="CloseBrowser(org.testng.ITestResult)[pri:0, instance:Amity.Online.Module1_FunctionalTesting@6cd24612]" started-at="2025-02-17T14:09:06 IST" name="CloseBrowser" finished-at="2025-02-17T14:09:07 IST" duration-ms="320" status="PASS">
          <params>
            <param index="0">
              <value>
                <![CDATA[[TestResult name=SearchHeaderButton status=SUCCESS method=Module1_FunctionalTesting.SearchHeaderButton()[pri:5, instance:Amity.Online.Module1_FunctionalTesting@6cd24612] output={null}]]]>
              </value>
            </param>
          </params>
          <reporter-output>
          </reporter-output>
        </test-method> <!-- CloseBrowser -->
        <test-method is-config="true" signature="LaunchBrowser()[pri:0, instance:Amity.Online.Module1_FunctionalTesting@6cd24612]" started-at="2025-02-17T14:09:07 IST" name="LaunchBrowser" finished-at="2025-02-17T14:09:09 IST" duration-ms="2315" status="PASS">
          <reporter-output>
          </reporter-output>
        </test-method> <!-- LaunchBrowser -->
        <test-method signature="CallusHeaderButton()[pri:6, instance:Amity.Online.Module1_FunctionalTesting@6cd24612]" started-at="2025-02-17T14:09:09 IST" name="CallusHeaderButton" finished-at="2025-02-17T14:09:13 IST" duration-ms="4198" status="PASS">
          <reporter-output>
          </reporter-output>
        </test-method> <!-- CallusHeaderButton -->
        <test-method is-config="true" signature="CloseBrowser(org.testng.ITestResult)[pri:0, instance:Amity.Online.Module1_FunctionalTesting@6cd24612]" started-at="2025-02-17T14:09:13 IST" name="CloseBrowser" finished-at="2025-02-17T14:09:13 IST" duration-ms="308" status="PASS">
          <params>
            <param index="0">
              <value>
                <![CDATA[[TestResult name=CallusHeaderButton status=SUCCESS method=Module1_FunctionalTesting.CallusHeaderButton()[pri:6, instance:Amity.Online.Module1_FunctionalTesting@6cd24612] output={null}]]]>
              </value>
            </param>
          </params>
          <reporter-output>
          </reporter-output>
        </test-method> <!-- CloseBrowser -->
        <test-method is-config="true" signature="LaunchBrowser()[pri:0, instance:Amity.Online.Module1_FunctionalTesting@6cd24612]" started-at="2025-02-17T14:09:13 IST" name="LaunchBrowser" finished-at="2025-02-17T14:09:15 IST" duration-ms="1728" status="PASS">
          <reporter-output>
          </reporter-output>
        </test-method> <!-- LaunchBrowser -->
        <test-method signature="StudentLoginHeaderButton()[pri:7, instance:Amity.Online.Module1_FunctionalTesting@6cd24612]" started-at="2025-02-17T14:09:15 IST" name="StudentLoginHeaderButton" finished-at="2025-02-17T14:09:19 IST" duration-ms="3881" status="PASS">
          <reporter-output>
          </reporter-output>
        </test-method> <!-- StudentLoginHeaderButton -->
        <test-method is-config="true" signature="CloseBrowser(org.testng.ITestResult)[pri:0, instance:Amity.Online.Module1_FunctionalTesting@6cd24612]" started-at="2025-02-17T14:09:19 IST" name="CloseBrowser" finished-at="2025-02-17T14:09:19 IST" duration-ms="408" status="PASS">
          <params>
            <param index="0">
              <value>
                <![CDATA[[TestResult name=StudentLoginHeaderButton status=SUCCESS method=Module1_FunctionalTesting.StudentLoginHeaderButton()[pri:7, instance:Amity.Online.Module1_FunctionalTesting@6cd24612] output={null}]]]>
              </value>
            </param>
          </params>
          <reporter-output>
          </reporter-output>
        </test-method> <!-- CloseBrowser -->
        <test-method is-config="true" signature="LaunchBrowser()[pri:0, instance:Amity.Online.Module1_FunctionalTesting@6cd24612]" started-at="2025-02-17T14:09:19 IST" name="LaunchBrowser" finished-at="2025-02-17T14:09:21 IST" duration-ms="2019" status="PASS">
          <reporter-output>
          </reporter-output>
        </test-method> <!-- LaunchBrowser -->
        <test-method signature="ApplyNowHeaderButton()[pri:8, instance:Amity.Online.Module1_FunctionalTesting@6cd24612]" started-at="2025-02-17T14:09:21 IST" name="ApplyNowHeaderButton" finished-at="2025-02-17T14:09:29 IST" duration-ms="7433" status="PASS">
          <reporter-output>
          </reporter-output>
        </test-method> <!-- ApplyNowHeaderButton -->
        <test-method is-config="true" signature="CloseBrowser(org.testng.ITestResult)[pri:0, instance:Amity.Online.Module1_FunctionalTesting@6cd24612]" started-at="2025-02-17T14:09:29 IST" name="CloseBrowser" finished-at="2025-02-17T14:09:29 IST" duration-ms="371" status="PASS">
          <params>
            <param index="0">
              <value>
                <![CDATA[[TestResult name=ApplyNowHeaderButton status=SUCCESS method=Module1_FunctionalTesting.ApplyNowHeaderButton()[pri:8, instance:Amity.Online.Module1_FunctionalTesting@6cd24612] output={null}]]]>
              </value>
            </param>
          </params>
          <reporter-output>
          </reporter-output>
        </test-method> <!-- CloseBrowser -->
        <test-method is-config="true" signature="LaunchBrowser()[pri:0, instance:Amity.Online.Module1_FunctionalTesting@6cd24612]" started-at="2025-02-17T14:09:29 IST" name="LaunchBrowser" finished-at="2025-02-17T14:09:31 IST" duration-ms="2088" status="PASS">
          <reporter-output>
          </reporter-output>
        </test-method> <!-- LaunchBrowser -->
        <test-method signature="ApplyNowHerocardButton()[pri:9, instance:Amity.Online.Module1_FunctionalTesting@6cd24612]" started-at="2025-02-17T14:09:31 IST" name="ApplyNowHerocardButton" finished-at="2025-02-17T14:09:37 IST" duration-ms="5615" status="PASS">
          <reporter-output>
          </reporter-output>
        </test-method> <!-- ApplyNowHerocardButton -->
        <test-method is-config="true" signature="CloseBrowser(org.testng.ITestResult)[pri:0, instance:Amity.Online.Module1_FunctionalTesting@6cd24612]" started-at="2025-02-17T14:09:37 IST" name="CloseBrowser" finished-at="2025-02-17T14:09:37 IST" duration-ms="371" status="PASS">
          <params>
            <param index="0">
              <value>
                <![CDATA[[TestResult name=ApplyNowHerocardButton status=SUCCESS method=Module1_FunctionalTesting.ApplyNowHerocardButton()[pri:9, instance:Amity.Online.Module1_FunctionalTesting@6cd24612] output={null}]]]>
              </value>
            </param>
          </params>
          <reporter-output>
          </reporter-output>
        </test-method> <!-- CloseBrowser -->
        <test-method is-config="true" signature="LaunchBrowser()[pri:0, instance:Amity.Online.Module1_FunctionalTesting@6cd24612]" started-at="2025-02-17T14:09:37 IST" name="LaunchBrowser" finished-at="2025-02-17T14:09:39 IST" duration-ms="2149" status="PASS">
          <reporter-output>
          </reporter-output>
        </test-method> <!-- LaunchBrowser -->
        <test-method signature="Callusicon()[pri:10, instance:Amity.Online.Module1_FunctionalTesting@6cd24612]" started-at="2025-02-17T14:09:39 IST" name="Callusicon" finished-at="2025-02-17T14:09:47 IST" duration-ms="7869" status="PASS">
          <reporter-output>
          </reporter-output>
        </test-method> <!-- Callusicon -->
        <test-method is-config="true" signature="CloseBrowser(org.testng.ITestResult)[pri:0, instance:Amity.Online.Module1_FunctionalTesting@6cd24612]" started-at="2025-02-17T14:09:47 IST" name="CloseBrowser" finished-at="2025-02-17T14:09:48 IST" duration-ms="388" status="PASS">
          <params>
            <param index="0">
              <value>
                <![CDATA[[TestResult name=Callusicon status=SUCCESS method=Module1_FunctionalTesting.Callusicon()[pri:10, instance:Amity.Online.Module1_FunctionalTesting@6cd24612] output={null}]]]>
              </value>
            </param>
          </params>
          <reporter-output>
          </reporter-output>
        </test-method> <!-- CloseBrowser -->
        <test-method is-config="true" signature="LaunchBrowser()[pri:0, instance:Amity.Online.Module1_FunctionalTesting@6cd24612]" started-at="2025-02-17T14:09:48 IST" name="LaunchBrowser" finished-at="2025-02-17T14:09:50 IST" duration-ms="1825" status="PASS">
          <reporter-output>
          </reporter-output>
        </test-method> <!-- LaunchBrowser -->
        <test-method signature="WhatsappIcon()[pri:11, instance:Amity.Online.Module1_FunctionalTesting@6cd24612]" started-at="2025-02-17T14:09:50 IST" name="WhatsappIcon" finished-at="2025-02-17T14:09:55 IST" duration-ms="5952" status="PASS">
          <reporter-output>
          </reporter-output>
        </test-method> <!-- WhatsappIcon -->
        <test-method is-config="true" signature="CloseBrowser(org.testng.ITestResult)[pri:0, instance:Amity.Online.Module1_FunctionalTesting@6cd24612]" started-at="2025-02-17T14:09:55 IST" name="CloseBrowser" finished-at="2025-02-17T14:09:56 IST" duration-ms="384" status="PASS">
          <params>
            <param index="0">
              <value>
                <![CDATA[[TestResult name=WhatsappIcon status=SUCCESS method=Module1_FunctionalTesting.WhatsappIcon()[pri:11, instance:Amity.Online.Module1_FunctionalTesting@6cd24612] output={null}]]]>
              </value>
            </param>
          </params>
          <reporter-output>
          </reporter-output>
        </test-method> <!-- CloseBrowser -->
        <test-method is-config="true" signature="LaunchBrowser()[pri:0, instance:Amity.Online.Module1_FunctionalTesting@6cd24612]" started-at="2025-02-17T14:09:56 IST" name="LaunchBrowser" finished-at="2025-02-17T14:09:58 IST" duration-ms="2059" status="PASS">
          <reporter-output>
          </reporter-output>
        </test-method> <!-- LaunchBrowser -->
        <test-method signature="ViewAllButton()[pri:12, instance:Amity.Online.Module1_FunctionalTesting@6cd24612]" started-at="2025-02-17T14:09:58 IST" name="ViewAllButton" finished-at="2025-02-17T14:10:01 IST" duration-ms="2923" status="PASS">
          <reporter-output>
          </reporter-output>
        </test-method> <!-- ViewAllButton -->
        <test-method is-config="true" signature="CloseBrowser(org.testng.ITestResult)[pri:0, instance:Amity.Online.Module1_FunctionalTesting@6cd24612]" started-at="2025-02-17T14:10:01 IST" name="CloseBrowser" finished-at="2025-02-17T14:10:01 IST" duration-ms="367" status="PASS">
          <params>
            <param index="0">
              <value>
                <![CDATA[[TestResult name=ViewAllButton status=SUCCESS method=Module1_FunctionalTesting.ViewAllButton()[pri:12, instance:Amity.Online.Module1_FunctionalTesting@6cd24612] output={null}]]]>
              </value>
            </param>
          </params>
          <reporter-output>
          </reporter-output>
        </test-method> <!-- CloseBrowser -->
        <test-method is-config="true" signature="LaunchBrowser()[pri:0, instance:Amity.Online.Module1_FunctionalTesting@6cd24612]" started-at="2025-02-17T14:10:01 IST" name="LaunchBrowser" finished-at="2025-02-17T14:10:03 IST" duration-ms="2027" status="PASS">
          <reporter-output>
          </reporter-output>
        </test-method> <!-- LaunchBrowser -->
        <test-method signature="RequestAcallButton()[pri:13, instance:Amity.Online.Module1_FunctionalTesting@6cd24612]" started-at="2025-02-17T14:10:03 IST" name="RequestAcallButton" finished-at="2025-02-17T14:10:08 IST" duration-ms="4393" status="PASS">
          <reporter-output>
          </reporter-output>
        </test-method> <!-- RequestAcallButton -->
        <test-method is-config="true" signature="CloseBrowser(org.testng.ITestResult)[pri:0, instance:Amity.Online.Module1_FunctionalTesting@6cd24612]" started-at="2025-02-17T14:10:08 IST" name="CloseBrowser" finished-at="2025-02-17T14:10:08 IST" duration-ms="386" status="PASS">
          <params>
            <param index="0">
              <value>
                <![CDATA[[TestResult name=RequestAcallButton status=SUCCESS method=Module1_FunctionalTesting.RequestAcallButton()[pri:13, instance:Amity.Online.Module1_FunctionalTesting@6cd24612] output={null}]]]>
              </value>
            </param>
          </params>
          <reporter-output>
          </reporter-output>
        </test-method> <!-- CloseBrowser -->
        <test-method is-config="true" signature="LaunchBrowser()[pri:0, instance:Amity.Online.Module1_FunctionalTesting@6cd24612]" started-at="2025-02-17T14:10:08 IST" name="LaunchBrowser" finished-at="2025-02-17T14:10:10 IST" duration-ms="2139" status="PASS">
          <reporter-output>
          </reporter-output>
        </test-method> <!-- LaunchBrowser -->
        <test-method signature="ViewAllStayInformed()[pri:14, instance:Amity.Online.Module1_FunctionalTesting@6cd24612]" started-at="2025-02-17T14:10:10 IST" name="ViewAllStayInformed" finished-at="2025-02-17T14:10:14 IST" duration-ms="3533" status="PASS">
          <reporter-output>
          </reporter-output>
        </test-method> <!-- ViewAllStayInformed -->
        <test-method is-config="true" signature="CloseBrowser(org.testng.ITestResult)[pri:0, instance:Amity.Online.Module1_FunctionalTesting@6cd24612]" started-at="2025-02-17T14:10:14 IST" name="CloseBrowser" finished-at="2025-02-17T14:10:14 IST" duration-ms="495" status="PASS">
          <params>
            <param index="0">
              <value>
                <![CDATA[[TestResult name=ViewAllStayInformed status=SUCCESS method=Module1_FunctionalTesting.ViewAllStayInformed()[pri:14, instance:Amity.Online.Module1_FunctionalTesting@6cd24612] output={null}]]]>
              </value>
            </param>
          </params>
          <reporter-output>
          </reporter-output>
        </test-method> <!-- CloseBrowser -->
        <test-method is-config="true" signature="LaunchBrowser()[pri:0, instance:Amity.Online.Module1_FunctionalTesting@6cd24612]" started-at="2025-02-17T14:10:14 IST" name="LaunchBrowser" finished-at="2025-02-17T14:10:16 IST" duration-ms="2124" status="PASS">
          <reporter-output>
          </reporter-output>
        </test-method> <!-- LaunchBrowser -->
        <test-method signature="ViewAllLatestBlog()[pri:15, instance:Amity.Online.Module1_FunctionalTesting@6cd24612]" started-at="2025-02-17T14:10:16 IST" name="ViewAllLatestBlog" finished-at="2025-02-17T14:10:19 IST" duration-ms="2459" status="PASS">
          <reporter-output>
          </reporter-output>
        </test-method> <!-- ViewAllLatestBlog -->
        <test-method is-config="true" signature="CloseBrowser(org.testng.ITestResult)[pri:0, instance:Amity.Online.Module1_FunctionalTesting@6cd24612]" started-at="2025-02-17T14:10:19 IST" name="CloseBrowser" finished-at="2025-02-17T14:10:19 IST" duration-ms="336" status="PASS">
          <params>
            <param index="0">
              <value>
                <![CDATA[[TestResult name=ViewAllLatestBlog status=SUCCESS method=Module1_FunctionalTesting.ViewAllLatestBlog()[pri:15, instance:Amity.Online.Module1_FunctionalTesting@6cd24612] output={null}]]]>
              </value>
            </param>
          </params>
          <reporter-output>
          </reporter-output>
        </test-method> <!-- CloseBrowser -->
        <test-method is-config="true" signature="LaunchBrowser()[pri:0, instance:Amity.Online.Module1_FunctionalTesting@6cd24612]" started-at="2025-02-17T14:10:19 IST" name="LaunchBrowser" finished-at="2025-02-17T14:10:21 IST" duration-ms="2085" status="PASS">
          <reporter-output>
          </reporter-output>
        </test-method> <!-- LaunchBrowser -->
        <test-method signature="KnowMore()[pri:16, instance:Amity.Online.Module1_FunctionalTesting@6cd24612]" started-at="2025-02-17T14:10:21 IST" name="KnowMore" finished-at="2025-02-17T14:10:27 IST" duration-ms="5323" status="PASS">
          <reporter-output>
          </reporter-output>
        </test-method> <!-- KnowMore -->
        <test-method is-config="true" signature="CloseBrowser(org.testng.ITestResult)[pri:0, instance:Amity.Online.Module1_FunctionalTesting@6cd24612]" started-at="2025-02-17T14:10:27 IST" name="CloseBrowser" finished-at="2025-02-17T14:10:27 IST" duration-ms="409" status="PASS">
          <params>
            <param index="0">
              <value>
                <![CDATA[[TestResult name=KnowMore status=SUCCESS method=Module1_FunctionalTesting.KnowMore()[pri:16, instance:Amity.Online.Module1_FunctionalTesting@6cd24612] output={null}]]]>
              </value>
            </param>
          </params>
          <reporter-output>
          </reporter-output>
        </test-method> <!-- CloseBrowser -->
        <test-method is-config="true" signature="LaunchBrowser()[pri:0, instance:Amity.Online.Module1_FunctionalTesting@6cd24612]" started-at="2025-02-17T14:10:27 IST" name="LaunchBrowser" finished-at="2025-02-17T14:10:29 IST" duration-ms="1954" status="PASS">
          <reporter-output>
          </reporter-output>
        </test-method> <!-- LaunchBrowser -->
        <test-method signature="ApplyNowButtonBlueBanner()[pri:17, instance:Amity.Online.Module1_FunctionalTesting@6cd24612]" started-at="2025-02-17T14:10:29 IST" name="ApplyNowButtonBlueBanner" finished-at="2025-02-17T14:10:35 IST" duration-ms="6236" status="PASS">
          <reporter-output>
          </reporter-output>
        </test-method> <!-- ApplyNowButtonBlueBanner -->
        <test-method is-config="true" signature="CloseBrowser(org.testng.ITestResult)[pri:0, instance:Amity.Online.Module1_FunctionalTesting@6cd24612]" started-at="2025-02-17T14:10:35 IST" name="CloseBrowser" finished-at="2025-02-17T14:10:35 IST" duration-ms="252" status="PASS">
          <params>
            <param index="0">
              <value>
                <![CDATA[[TestResult name=ApplyNowButtonBlueBanner status=SUCCESS method=Module1_FunctionalTesting.ApplyNowButtonBlueBanner()[pri:17, instance:Amity.Online.Module1_FunctionalTesting@6cd24612] output={null}]]]>
              </value>
            </param>
          </params>
          <reporter-output>
          </reporter-output>
        </test-method> <!-- CloseBrowser -->
        <test-method is-config="true" signature="LaunchBrowser()[pri:0, instance:Amity.Online.Module1_FunctionalTesting@6cd24612]" started-at="2025-02-17T14:10:35 IST" name="LaunchBrowser" finished-at="2025-02-17T14:10:37 IST" duration-ms="2069" status="PASS">
          <reporter-output>
          </reporter-output>
        </test-method> <!-- LaunchBrowser -->
        <test-method signature="Aboutus()[pri:18, instance:Amity.Online.Module1_FunctionalTesting@6cd24612]" started-at="2025-02-17T14:10:37 IST" name="Aboutus" finished-at="2025-02-17T14:10:45 IST" duration-ms="7234" status="PASS">
          <reporter-output>
          </reporter-output>
        </test-method> <!-- Aboutus -->
        <test-method is-config="true" signature="CloseBrowser(org.testng.ITestResult)[pri:0, instance:Amity.Online.Module1_FunctionalTesting@6cd24612]" started-at="2025-02-17T14:10:45 IST" name="CloseBrowser" finished-at="2025-02-17T14:10:45 IST" duration-ms="432" status="PASS">
          <params>
            <param index="0">
              <value>
                <![CDATA[[TestResult name=Aboutus status=SUCCESS method=Module1_FunctionalTesting.Aboutus()[pri:18, instance:Amity.Online.Module1_FunctionalTesting@6cd24612] output={null}]]]>
              </value>
            </param>
          </params>
          <reporter-output>
          </reporter-output>
        </test-method> <!-- CloseBrowser -->
        <test-method is-config="true" signature="LaunchBrowser()[pri:0, instance:Amity.Online.Module1_FunctionalTesting@6cd24612]" started-at="2025-02-17T14:10:45 IST" name="LaunchBrowser" finished-at="2025-02-17T14:10:47 IST" duration-ms="1926" status="PASS">
          <reporter-output>
          </reporter-output>
        </test-method> <!-- LaunchBrowser -->
        <test-method signature="CareerServices()[pri:19, instance:Amity.Online.Module1_FunctionalTesting@6cd24612]" started-at="2025-02-17T14:10:47 IST" name="CareerServices" finished-at="2025-02-17T14:10:54 IST" duration-ms="6735" status="PASS">
          <reporter-output>
          </reporter-output>
        </test-method> <!-- CareerServices -->
        <test-method is-config="true" signature="CloseBrowser(org.testng.ITestResult)[pri:0, instance:Amity.Online.Module1_FunctionalTesting@6cd24612]" started-at="2025-02-17T14:10:54 IST" name="CloseBrowser" finished-at="2025-02-17T14:10:54 IST" duration-ms="371" status="PASS">
          <params>
            <param index="0">
              <value>
                <![CDATA[[TestResult name=CareerServices status=SUCCESS method=Module1_FunctionalTesting.CareerServices()[pri:19, instance:Amity.Online.Module1_FunctionalTesting@6cd24612] output={null}]]]>
              </value>
            </param>
          </params>
          <reporter-output>
          </reporter-output>
        </test-method> <!-- CloseBrowser -->
        <test-method is-config="true" signature="LaunchBrowser()[pri:0, instance:Amity.Online.Module1_FunctionalTesting@6cd24612]" started-at="2025-02-17T14:10:54 IST" name="LaunchBrowser" finished-at="2025-02-17T14:10:56 IST" duration-ms="1824" status="PASS">
          <reporter-output>
          </reporter-output>
        </test-method> <!-- LaunchBrowser -->
        <test-method signature="StudentStories()[pri:20, instance:Amity.Online.Module1_FunctionalTesting@6cd24612]" started-at="2025-02-17T14:10:56 IST" name="StudentStories" finished-at="2025-02-17T14:11:04 IST" duration-ms="8430" status="PASS">
          <reporter-output>
          </reporter-output>
        </test-method> <!-- StudentStories -->
        <test-method is-config="true" signature="CloseBrowser(org.testng.ITestResult)[pri:0, instance:Amity.Online.Module1_FunctionalTesting@6cd24612]" started-at="2025-02-17T14:11:04 IST" name="CloseBrowser" finished-at="2025-02-17T14:11:05 IST" duration-ms="373" status="PASS">
          <params>
            <param index="0">
              <value>
                <![CDATA[[TestResult name=StudentStories status=SUCCESS method=Module1_FunctionalTesting.StudentStories()[pri:20, instance:Amity.Online.Module1_FunctionalTesting@6cd24612] output={null}]]]>
              </value>
            </param>
          </params>
          <reporter-output>
          </reporter-output>
        </test-method> <!-- CloseBrowser -->
        <test-method is-config="true" signature="LaunchBrowser()[pri:0, instance:Amity.Online.Module1_FunctionalTesting@6cd24612]" started-at="2025-02-17T14:11:05 IST" name="LaunchBrowser" finished-at="2025-02-17T14:11:07 IST" duration-ms="1995" status="PASS">
          <reporter-output>
          </reporter-output>
        </test-method> <!-- LaunchBrowser -->
        <test-method signature="Leadership()[pri:21, instance:Amity.Online.Module1_FunctionalTesting@6cd24612]" started-at="2025-02-17T14:11:07 IST" name="Leadership" finished-at="2025-02-17T14:11:14 IST" duration-ms="6813" status="PASS">
          <reporter-output>
          </reporter-output>
        </test-method> <!-- Leadership -->
        <test-method is-config="true" signature="CloseBrowser(org.testng.ITestResult)[pri:0, instance:Amity.Online.Module1_FunctionalTesting@6cd24612]" started-at="2025-02-17T14:11:14 IST" name="CloseBrowser" finished-at="2025-02-17T14:11:14 IST" duration-ms="414" status="PASS">
          <params>
            <param index="0">
              <value>
                <![CDATA[[TestResult name=Leadership status=SUCCESS method=Module1_FunctionalTesting.Leadership()[pri:21, instance:Amity.Online.Module1_FunctionalTesting@6cd24612] output={null}]]]>
              </value>
            </param>
          </params>
          <reporter-output>
          </reporter-output>
        </test-method> <!-- CloseBrowser -->
        <test-method is-config="true" signature="LaunchBrowser()[pri:0, instance:Amity.Online.Module1_FunctionalTesting@6cd24612]" started-at="2025-02-17T14:11:14 IST" name="LaunchBrowser" finished-at="2025-02-17T14:11:16 IST" duration-ms="1645" status="PASS">
          <reporter-output>
          </reporter-output>
        </test-method> <!-- LaunchBrowser -->
        <test-method signature="Corporate()[pri:22, instance:Amity.Online.Module1_FunctionalTesting@6cd24612]" started-at="2025-02-17T14:11:16 IST" name="Corporate" finished-at="2025-02-17T14:11:23 IST" duration-ms="7734" status="PASS">
          <reporter-output>
          </reporter-output>
        </test-method> <!-- Corporate -->
        <test-method is-config="true" signature="CloseBrowser(org.testng.ITestResult)[pri:0, instance:Amity.Online.Module1_FunctionalTesting@6cd24612]" started-at="2025-02-17T14:11:23 IST" name="CloseBrowser" finished-at="2025-02-17T14:11:24 IST" duration-ms="430" status="PASS">
          <params>
            <param index="0">
              <value>
                <![CDATA[[TestResult name=Corporate status=SUCCESS method=Module1_FunctionalTesting.Corporate()[pri:22, instance:Amity.Online.Module1_FunctionalTesting@6cd24612] output={null}]]]>
              </value>
            </param>
          </params>
          <reporter-output>
          </reporter-output>
        </test-method> <!-- CloseBrowser -->
        <test-method is-config="true" signature="LaunchBrowser()[pri:0, instance:Amity.Online.Module1_FunctionalTesting@6cd24612]" started-at="2025-02-17T14:11:24 IST" name="LaunchBrowser" finished-at="2025-02-17T14:11:26 IST" duration-ms="2101" status="PASS">
          <reporter-output>
          </reporter-output>
        </test-method> <!-- LaunchBrowser -->
        <test-method signature="Contactus()[pri:23, instance:Amity.Online.Module1_FunctionalTesting@6cd24612]" started-at="2025-02-17T14:11:26 IST" name="Contactus" finished-at="2025-02-17T14:11:33 IST" duration-ms="6895" status="PASS">
          <reporter-output>
          </reporter-output>
        </test-method> <!-- Contactus -->
        <test-method is-config="true" signature="CloseBrowser(org.testng.ITestResult)[pri:0, instance:Amity.Online.Module1_FunctionalTesting@6cd24612]" started-at="2025-02-17T14:11:33 IST" name="CloseBrowser" finished-at="2025-02-17T14:11:33 IST" duration-ms="375" status="PASS">
          <params>
            <param index="0">
              <value>
                <![CDATA[[TestResult name=Contactus status=SUCCESS method=Module1_FunctionalTesting.Contactus()[pri:23, instance:Amity.Online.Module1_FunctionalTesting@6cd24612] output={null}]]]>
              </value>
            </param>
          </params>
          <reporter-output>
          </reporter-output>
        </test-method> <!-- CloseBrowser -->
        <test-method is-config="true" signature="LaunchBrowser()[pri:0, instance:Amity.Online.Module1_FunctionalTesting@6cd24612]" started-at="2025-02-17T14:11:33 IST" name="LaunchBrowser" finished-at="2025-02-17T14:11:35 IST" duration-ms="1795" status="PASS">
          <reporter-output>
          </reporter-output>
        </test-method> <!-- LaunchBrowser -->
        <test-method signature="PrivacyPolicy()[pri:24, instance:Amity.Online.Module1_FunctionalTesting@6cd24612]" started-at="2025-02-17T14:11:35 IST" name="PrivacyPolicy" finished-at="2025-02-17T14:11:42 IST" duration-ms="6610" status="PASS">
          <reporter-output>
          </reporter-output>
        </test-method> <!-- PrivacyPolicy -->
        <test-method is-config="true" signature="CloseBrowser(org.testng.ITestResult)[pri:0, instance:Amity.Online.Module1_FunctionalTesting@6cd24612]" started-at="2025-02-17T14:11:42 IST" name="CloseBrowser" finished-at="2025-02-17T14:11:42 IST" duration-ms="376" status="PASS">
          <params>
            <param index="0">
              <value>
                <![CDATA[[TestResult name=PrivacyPolicy status=SUCCESS method=Module1_FunctionalTesting.PrivacyPolicy()[pri:24, instance:Amity.Online.Module1_FunctionalTesting@6cd24612] output={null}]]]>
              </value>
            </param>
          </params>
          <reporter-output>
          </reporter-output>
        </test-method> <!-- CloseBrowser -->
        <test-method is-config="true" signature="LaunchBrowser()[pri:0, instance:Amity.Online.Module1_FunctionalTesting@6cd24612]" started-at="2025-02-17T14:11:42 IST" name="LaunchBrowser" finished-at="2025-02-17T14:11:47 IST" duration-ms="4915" status="PASS">
          <reporter-output>
          </reporter-output>
        </test-method> <!-- LaunchBrowser -->
        <test-method signature="StudentSupport()[pri:25, instance:Amity.Online.Module1_FunctionalTesting@6cd24612]" started-at="2025-02-17T14:11:47 IST" name="StudentSupport" finished-at="2025-02-17T14:11:53 IST" duration-ms="6525" status="PASS">
          <reporter-output>
          </reporter-output>
        </test-method> <!-- StudentSupport -->
        <test-method is-config="true" signature="CloseBrowser(org.testng.ITestResult)[pri:0, instance:Amity.Online.Module1_FunctionalTesting@6cd24612]" started-at="2025-02-17T14:11:53 IST" name="CloseBrowser" finished-at="2025-02-17T14:11:54 IST" duration-ms="376" status="PASS">
          <params>
            <param index="0">
              <value>
                <![CDATA[[TestResult name=StudentSupport status=SUCCESS method=Module1_FunctionalTesting.StudentSupport()[pri:25, instance:Amity.Online.Module1_FunctionalTesting@6cd24612] output={null}]]]>
              </value>
            </param>
          </params>
          <reporter-output>
          </reporter-output>
        </test-method> <!-- CloseBrowser -->
        <test-method is-config="true" signature="LaunchBrowser()[pri:0, instance:Amity.Online.Module1_FunctionalTesting@6cd24612]" started-at="2025-02-17T14:11:54 IST" name="LaunchBrowser" finished-at="2025-02-17T14:11:56 IST" duration-ms="2528" status="PASS">
          <reporter-output>
          </reporter-output>
        </test-method> <!-- LaunchBrowser -->
        <test-method signature="IntellectualProperty()[pri:26, instance:Amity.Online.Module1_FunctionalTesting@6cd24612]" started-at="2025-02-17T14:11:56 IST" name="IntellectualProperty" finished-at="2025-02-17T14:12:06 IST" duration-ms="9728" status="PASS">
          <reporter-output>
          </reporter-output>
        </test-method> <!-- IntellectualProperty -->
        <test-method is-config="true" signature="CloseBrowser(org.testng.ITestResult)[pri:0, instance:Amity.Online.Module1_FunctionalTesting@6cd24612]" started-at="2025-02-17T14:12:06 IST" name="CloseBrowser" finished-at="2025-02-17T14:12:07 IST" duration-ms="464" status="PASS">
          <params>
            <param index="0">
              <value>
                <![CDATA[[TestResult name=IntellectualProperty status=SUCCESS method=Module1_FunctionalTesting.IntellectualProperty()[pri:26, instance:Amity.Online.Module1_FunctionalTesting@6cd24612] output={null}]]]>
              </value>
            </param>
          </params>
          <reporter-output>
          </reporter-output>
        </test-method> <!-- CloseBrowser -->
        <test-method is-config="true" signature="LaunchBrowser()[pri:0, instance:Amity.Online.Module1_FunctionalTesting@6cd24612]" started-at="2025-02-17T14:12:07 IST" name="LaunchBrowser" finished-at="2025-02-17T14:12:08 IST" duration-ms="1806" status="PASS">
          <reporter-output>
          </reporter-output>
        </test-method> <!-- LaunchBrowser -->
        <test-method signature="UGCApprovals()[pri:27, instance:Amity.Online.Module1_FunctionalTesting@6cd24612]" started-at="2025-02-17T14:12:08 IST" name="UGCApprovals" finished-at="2025-02-17T14:12:15 IST" duration-ms="7101" status="PASS">
          <reporter-output>
          </reporter-output>
        </test-method> <!-- UGCApprovals -->
        <test-method is-config="true" signature="CloseBrowser(org.testng.ITestResult)[pri:0, instance:Amity.Online.Module1_FunctionalTesting@6cd24612]" started-at="2025-02-17T14:12:15 IST" name="CloseBrowser" finished-at="2025-02-17T14:12:16 IST" duration-ms="429" status="PASS">
          <params>
            <param index="0">
              <value>
                <![CDATA[[TestResult name=UGCApprovals status=SUCCESS method=Module1_FunctionalTesting.UGCApprovals()[pri:27, instance:Amity.Online.Module1_FunctionalTesting@6cd24612] output={null}]]]>
              </value>
            </param>
          </params>
          <reporter-output>
          </reporter-output>
        </test-method> <!-- CloseBrowser -->
        <test-method is-config="true" signature="LaunchBrowser()[pri:0, instance:Amity.Online.Module1_FunctionalTesting@6cd24612]" started-at="2025-02-17T14:12:16 IST" name="LaunchBrowser" finished-at="2025-02-17T14:12:18 IST" duration-ms="2037" status="PASS">
          <reporter-output>
          </reporter-output>
        </test-method> <!-- LaunchBrowser -->
        <test-method signature="Resource()[pri:28, instance:Amity.Online.Module1_FunctionalTesting@6cd24612]" started-at="2025-02-17T14:12:18 IST" name="Resource" finished-at="2025-02-17T14:12:27 IST" duration-ms="9578" status="PASS">
          <reporter-output>
          </reporter-output>
        </test-method> <!-- Resource -->
        <test-method is-config="true" signature="CloseBrowser(org.testng.ITestResult)[pri:0, instance:Amity.Online.Module1_FunctionalTesting@6cd24612]" started-at="2025-02-17T14:12:28 IST" name="CloseBrowser" finished-at="2025-02-17T14:12:28 IST" duration-ms="687" status="PASS">
          <params>
            <param index="0">
              <value>
                <![CDATA[[TestResult name=Resource status=SUCCESS method=Module1_FunctionalTesting.Resource()[pri:28, instance:Amity.Online.Module1_FunctionalTesting@6cd24612] output={null}]]]>
              </value>
            </param>
          </params>
          <reporter-output>
          </reporter-output>
        </test-method> <!-- CloseBrowser -->
        <test-method is-config="true" signature="LaunchBrowser()[pri:0, instance:Amity.Online.Module1_FunctionalTesting@6cd24612]" started-at="2025-02-17T14:12:28 IST" name="LaunchBrowser" finished-at="2025-02-17T14:12:31 IST" duration-ms="2961" status="PASS">
          <reporter-output>
          </reporter-output>
        </test-method> <!-- LaunchBrowser -->
        <test-method signature="Blog()[pri:29, instance:Amity.Online.Module1_FunctionalTesting@6cd24612]" started-at="2025-02-17T14:12:31 IST" name="Blog" finished-at="2025-02-17T14:12:40 IST" duration-ms="8714" status="PASS">
          <reporter-output>
          </reporter-output>
        </test-method> <!-- Blog -->
        <test-method is-config="true" signature="CloseBrowser(org.testng.ITestResult)[pri:0, instance:Amity.Online.Module1_FunctionalTesting@6cd24612]" started-at="2025-02-17T14:12:40 IST" name="CloseBrowser" finished-at="2025-02-17T14:12:41 IST" duration-ms="641" status="PASS">
          <params>
            <param index="0">
              <value>
                <![CDATA[[TestResult name=Blog status=SUCCESS method=Module1_FunctionalTesting.Blog()[pri:29, instance:Amity.Online.Module1_FunctionalTesting@6cd24612] output={null}]]]>
              </value>
            </param>
          </params>
          <reporter-output>
          </reporter-output>
        </test-method> <!-- CloseBrowser -->
        <test-method is-config="true" signature="LaunchBrowser()[pri:0, instance:Amity.Online.Module1_FunctionalTesting@6cd24612]" started-at="2025-02-17T14:12:41 IST" name="LaunchBrowser" finished-at="2025-02-17T14:12:42 IST" duration-ms="1911" status="PASS">
          <reporter-output>
          </reporter-output>
        </test-method> <!-- LaunchBrowser -->
        <test-method signature="Media()[pri:30, instance:Amity.Online.Module1_FunctionalTesting@6cd24612]" started-at="2025-02-17T14:12:42 IST" name="Media" finished-at="2025-02-17T14:12:51 IST" duration-ms="8095" status="PASS">
          <reporter-output>
          </reporter-output>
        </test-method> <!-- Media -->
        <test-method is-config="true" signature="CloseBrowser(org.testng.ITestResult)[pri:0, instance:Amity.Online.Module1_FunctionalTesting@6cd24612]" started-at="2025-02-17T14:12:51 IST" name="CloseBrowser" finished-at="2025-02-17T14:12:51 IST" duration-ms="419" status="PASS">
          <params>
            <param index="0">
              <value>
                <![CDATA[[TestResult name=Media status=SUCCESS method=Module1_FunctionalTesting.Media()[pri:30, instance:Amity.Online.Module1_FunctionalTesting@6cd24612] output={null}]]]>
              </value>
            </param>
          </params>
          <reporter-output>
          </reporter-output>
        </test-method> <!-- CloseBrowser -->
        <test-method is-config="true" signature="LaunchBrowser()[pri:0, instance:Amity.Online.Module1_FunctionalTesting@6cd24612]" started-at="2025-02-17T14:12:51 IST" name="LaunchBrowser" finished-at="2025-02-17T14:12:53 IST" duration-ms="1937" status="PASS">
          <reporter-output>
          </reporter-output>
        </test-method> <!-- LaunchBrowser -->
        <test-method signature="BachelorofComputerApplications()[pri:31, instance:Amity.Online.Module1_FunctionalTesting@6cd24612]" started-at="2025-02-17T14:12:53 IST" name="BachelorofComputerApplications" finished-at="2025-02-17T14:12:59 IST" duration-ms="5668" status="PASS">
          <reporter-output>
          </reporter-output>
        </test-method> <!-- BachelorofComputerApplications -->
        <test-method is-config="true" signature="CloseBrowser(org.testng.ITestResult)[pri:0, instance:Amity.Online.Module1_FunctionalTesting@6cd24612]" started-at="2025-02-17T14:12:59 IST" name="CloseBrowser" finished-at="2025-02-17T14:12:59 IST" duration-ms="362" status="PASS">
          <params>
            <param index="0">
              <value>
                <![CDATA[[TestResult name=BachelorofComputerApplications status=SUCCESS method=Module1_FunctionalTesting.BachelorofComputerApplications()[pri:31, instance:Amity.Online.Module1_FunctionalTesting@6cd24612] output={null}]]]>
              </value>
            </param>
          </params>
          <reporter-output>
          </reporter-output>
        </test-method> <!-- CloseBrowser -->
        <test-method is-config="true" signature="LaunchBrowser()[pri:0, instance:Amity.Online.Module1_FunctionalTesting@6cd24612]" started-at="2025-02-17T14:12:59 IST" name="LaunchBrowser" finished-at="2025-02-17T14:13:03 IST" duration-ms="4089" status="PASS">
          <reporter-output>
          </reporter-output>
        </test-method> <!-- LaunchBrowser -->
        <test-method signature="BCAwithspecializationinCloudandSecurity()[pri:32, instance:Amity.Online.Module1_FunctionalTesting@6cd24612]" started-at="2025-02-17T14:13:03 IST" name="BCAwithspecializationinCloudandSecurity" finished-at="2025-02-17T14:13:09 IST" duration-ms="6297" status="PASS">
          <reporter-output>
          </reporter-output>
        </test-method> <!-- BCAwithspecializationinCloudandSecurity -->
        <test-method is-config="true" signature="CloseBrowser(org.testng.ITestResult)[pri:0, instance:Amity.Online.Module1_FunctionalTesting@6cd24612]" started-at="2025-02-17T14:13:09 IST" name="CloseBrowser" finished-at="2025-02-17T14:13:10 IST" duration-ms="536" status="PASS">
          <params>
            <param index="0">
              <value>
                <![CDATA[[TestResult name=BCAwithspecializationinCloudandSecurity status=SUCCESS method=Module1_FunctionalTesting.BCAwithspecializationinCloudandSecurity()[pri:32, instance:Amity.Online.Module1_FunctionalTesting@6cd24612] output={null}]]]>
              </value>
            </param>
          </params>
          <reporter-output>
          </reporter-output>
        </test-method> <!-- CloseBrowser -->
        <test-method is-config="true" signature="LaunchBrowser()[pri:0, instance:Amity.Online.Module1_FunctionalTesting@6cd24612]" started-at="2025-02-17T14:13:10 IST" name="LaunchBrowser" finished-at="2025-02-17T14:13:12 IST" duration-ms="2037" status="PASS">
          <reporter-output>
          </reporter-output>
        </test-method> <!-- LaunchBrowser -->
        <test-method signature="BCAwithspecializationinDataAnalytics()[pri:33, instance:Amity.Online.Module1_FunctionalTesting@6cd24612]" started-at="2025-02-17T14:13:12 IST" name="BCAwithspecializationinDataAnalytics" finished-at="2025-02-17T14:13:18 IST" duration-ms="5691" status="PASS">
          <reporter-output>
          </reporter-output>
        </test-method> <!-- BCAwithspecializationinDataAnalytics -->
        <test-method is-config="true" signature="CloseBrowser(org.testng.ITestResult)[pri:0, instance:Amity.Online.Module1_FunctionalTesting@6cd24612]" started-at="2025-02-17T14:13:18 IST" name="CloseBrowser" finished-at="2025-02-17T14:13:18 IST" duration-ms="445" status="PASS">
          <params>
            <param index="0">
              <value>
                <![CDATA[[TestResult name=BCAwithspecializationinDataAnalytics status=SUCCESS method=Module1_FunctionalTesting.BCAwithspecializationinDataAnalytics()[pri:33, instance:Amity.Online.Module1_FunctionalTesting@6cd24612] output={null}]]]>
              </value>
            </param>
          </params>
          <reporter-output>
          </reporter-output>
        </test-method> <!-- CloseBrowser -->
        <test-method is-config="true" signature="LaunchBrowser()[pri:0, instance:Amity.Online.Module1_FunctionalTesting@6cd24612]" started-at="2025-02-17T14:13:18 IST" name="LaunchBrowser" finished-at="2025-02-17T14:13:22 IST" duration-ms="4410" status="PASS">
          <reporter-output>
          </reporter-output>
        </test-method> <!-- LaunchBrowser -->
        <test-method signature="BachelorofBusinessAdministration()[pri:34, instance:Amity.Online.Module1_FunctionalTesting@6cd24612]" started-at="2025-02-17T14:13:22 IST" name="BachelorofBusinessAdministration" finished-at="2025-02-17T14:13:29 IST" duration-ms="7063" status="PASS">
          <reporter-output>
          </reporter-output>
        </test-method> <!-- BachelorofBusinessAdministration -->
        <test-method is-config="true" signature="CloseBrowser(org.testng.ITestResult)[pri:0, instance:Amity.Online.Module1_FunctionalTesting@6cd24612]" started-at="2025-02-17T14:13:29 IST" name="CloseBrowser" finished-at="2025-02-17T14:13:30 IST" duration-ms="519" status="PASS">
          <params>
            <param index="0">
              <value>
                <![CDATA[[TestResult name=BachelorofBusinessAdministration status=SUCCESS method=Module1_FunctionalTesting.BachelorofBusinessAdministration()[pri:34, instance:Amity.Online.Module1_FunctionalTesting@6cd24612] output={null}]]]>
              </value>
            </param>
          </params>
          <reporter-output>
          </reporter-output>
        </test-method> <!-- CloseBrowser -->
        <test-method is-config="true" signature="LaunchBrowser()[pri:0, instance:Amity.Online.Module1_FunctionalTesting@6cd24612]" started-at="2025-02-17T14:13:30 IST" name="LaunchBrowser" finished-at="2025-02-17T14:13:32 IST" duration-ms="1932" status="PASS">
          <reporter-output>
          </reporter-output>
        </test-method> <!-- LaunchBrowser -->
        <test-method signature="BachelorofArtsJournalismandMasscommunication()[pri:35, instance:Amity.Online.Module1_FunctionalTesting@6cd24612]" started-at="2025-02-17T14:13:32 IST" name="BachelorofArtsJournalismandMasscommunication" finished-at="2025-02-17T14:13:38 IST" duration-ms="6349" status="PASS">
          <reporter-output>
          </reporter-output>
        </test-method> <!-- BachelorofArtsJournalismandMasscommunication -->
        <test-method is-config="true" signature="CloseBrowser(org.testng.ITestResult)[pri:0, instance:Amity.Online.Module1_FunctionalTesting@6cd24612]" started-at="2025-02-17T14:13:38 IST" name="CloseBrowser" finished-at="2025-02-17T14:13:39 IST" duration-ms="382" status="PASS">
          <params>
            <param index="0">
              <value>
                <![CDATA[[TestResult name=BachelorofArtsJournalismandMasscommunication status=SUCCESS method=Module1_FunctionalTesting.BachelorofArtsJournalismandMasscommunication()[pri:35, instance:Amity.Online.Module1_FunctionalTesting@6cd24612] output={null}]]]>
              </value>
            </param>
          </params>
          <reporter-output>
          </reporter-output>
        </test-method> <!-- CloseBrowser -->
        <test-method is-config="true" signature="LaunchBrowser()[pri:0, instance:Amity.Online.Module1_FunctionalTesting@6cd24612]" started-at="2025-02-17T14:13:39 IST" name="LaunchBrowser" finished-at="2025-02-17T14:13:41 IST" duration-ms="2294" status="PASS">
          <reporter-output>
          </reporter-output>
        </test-method> <!-- LaunchBrowser -->
        <test-method signature="BachelorofCommerce()[pri:36, instance:Amity.Online.Module1_FunctionalTesting@6cd24612]" started-at="2025-02-17T14:13:41 IST" name="BachelorofCommerce" finished-at="2025-02-17T14:13:47 IST" duration-ms="5960" status="PASS">
          <reporter-output>
          </reporter-output>
        </test-method> <!-- BachelorofCommerce -->
        <test-method is-config="true" signature="CloseBrowser(org.testng.ITestResult)[pri:0, instance:Amity.Online.Module1_FunctionalTesting@6cd24612]" started-at="2025-02-17T14:13:47 IST" name="CloseBrowser" finished-at="2025-02-17T14:13:47 IST" duration-ms="453" status="PASS">
          <params>
            <param index="0">
              <value>
                <![CDATA[[TestResult name=BachelorofCommerce status=SUCCESS method=Module1_FunctionalTesting.BachelorofCommerce()[pri:36, instance:Amity.Online.Module1_FunctionalTesting@6cd24612] output={null}]]]>
              </value>
            </param>
          </params>
          <reporter-output>
          </reporter-output>
        </test-method> <!-- CloseBrowser -->
        <test-method is-config="true" signature="LaunchBrowser()[pri:0, instance:Amity.Online.Module1_FunctionalTesting@6cd24612]" started-at="2025-02-17T14:13:47 IST" name="LaunchBrowser" finished-at="2025-02-17T14:13:51 IST" duration-ms="3185" status="PASS">
          <reporter-output>
          </reporter-output>
        </test-method> <!-- LaunchBrowser -->
        <test-method signature="BachelorofArts()[pri:37, instance:Amity.Online.Module1_FunctionalTesting@6cd24612]" started-at="2025-02-17T14:13:51 IST" name="BachelorofArts" finished-at="2025-02-17T14:13:57 IST" duration-ms="6167" status="PASS">
          <reporter-output>
          </reporter-output>
        </test-method> <!-- BachelorofArts -->
        <test-method is-config="true" signature="CloseBrowser(org.testng.ITestResult)[pri:0, instance:Amity.Online.Module1_FunctionalTesting@6cd24612]" started-at="2025-02-17T14:13:57 IST" name="CloseBrowser" finished-at="2025-02-17T14:13:57 IST" duration-ms="454" status="PASS">
          <params>
            <param index="0">
              <value>
                <![CDATA[[TestResult name=BachelorofArts status=SUCCESS method=Module1_FunctionalTesting.BachelorofArts()[pri:37, instance:Amity.Online.Module1_FunctionalTesting@6cd24612] output={null}]]]>
              </value>
            </param>
          </params>
          <reporter-output>
          </reporter-output>
        </test-method> <!-- CloseBrowser -->
        <test-method is-config="true" signature="LaunchBrowser()[pri:0, instance:Amity.Online.Module1_FunctionalTesting@6cd24612]" started-at="2025-02-17T14:13:57 IST" name="LaunchBrowser" finished-at="2025-02-17T14:14:00 IST" duration-ms="2602" status="PASS">
          <reporter-output>
          </reporter-output>
        </test-method> <!-- LaunchBrowser -->
        <test-method signature="BachelorofArtKannadaMedium()[pri:38, instance:Amity.Online.Module1_FunctionalTesting@6cd24612]" started-at="2025-02-17T14:14:00 IST" name="BachelorofArtKannadaMedium" finished-at="2025-02-17T14:14:04 IST" duration-ms="4530" status="PASS">
          <reporter-output>
          </reporter-output>
        </test-method> <!-- BachelorofArtKannadaMedium -->
        <test-method is-config="true" signature="CloseBrowser(org.testng.ITestResult)[pri:0, instance:Amity.Online.Module1_FunctionalTesting@6cd24612]" started-at="2025-02-17T14:14:04 IST" name="CloseBrowser" finished-at="2025-02-17T14:14:05 IST" duration-ms="377" status="PASS">
          <params>
            <param index="0">
              <value>
                <![CDATA[[TestResult name=BachelorofArtKannadaMedium status=SUCCESS method=Module1_FunctionalTesting.BachelorofArtKannadaMedium()[pri:38, instance:Amity.Online.Module1_FunctionalTesting@6cd24612] output={null}]]]>
              </value>
            </param>
          </params>
          <reporter-output>
          </reporter-output>
        </test-method> <!-- CloseBrowser -->
        <test-method is-config="true" signature="LaunchBrowser()[pri:0, instance:Amity.Online.Module1_FunctionalTesting@6cd24612]" started-at="2025-02-17T14:14:05 IST" name="LaunchBrowser" finished-at="2025-02-17T14:14:07 IST" duration-ms="1816" status="PASS">
          <reporter-output>
          </reporter-output>
        </test-method> <!-- LaunchBrowser -->
        <test-method signature="BachelorofArtsMalayalamMedium()[pri:39, instance:Amity.Online.Module1_FunctionalTesting@6cd24612]" started-at="2025-02-17T14:14:07 IST" name="BachelorofArtsMalayalamMedium" finished-at="2025-02-17T14:14:13 IST" duration-ms="6588" status="PASS">
          <reporter-output>
          </reporter-output>
        </test-method> <!-- BachelorofArtsMalayalamMedium -->
        <test-method is-config="true" signature="CloseBrowser(org.testng.ITestResult)[pri:0, instance:Amity.Online.Module1_FunctionalTesting@6cd24612]" started-at="2025-02-17T14:14:13 IST" name="CloseBrowser" finished-at="2025-02-17T14:14:14 IST" duration-ms="481" status="PASS">
          <params>
            <param index="0">
              <value>
                <![CDATA[[TestResult name=BachelorofArtsMalayalamMedium status=SUCCESS method=Module1_FunctionalTesting.BachelorofArtsMalayalamMedium()[pri:39, instance:Amity.Online.Module1_FunctionalTesting@6cd24612] output={null}]]]>
              </value>
            </param>
          </params>
          <reporter-output>
          </reporter-output>
        </test-method> <!-- CloseBrowser -->
        <test-method is-config="true" signature="LaunchBrowser()[pri:0, instance:Amity.Online.Module1_FunctionalTesting@6cd24612]" started-at="2025-02-17T14:14:14 IST" name="LaunchBrowser" finished-at="2025-02-17T14:14:16 IST" duration-ms="2159" status="PASS">
          <reporter-output>
          </reporter-output>
        </test-method> <!-- LaunchBrowser -->
        <test-method signature="BachelorofArtsTamilMedium()[pri:40, instance:Amity.Online.Module1_FunctionalTesting@6cd24612]" started-at="2025-02-17T14:14:16 IST" name="BachelorofArtsTamilMedium" finished-at="2025-02-17T14:14:22 IST" duration-ms="6236" status="PASS">
          <reporter-output>
          </reporter-output>
        </test-method> <!-- BachelorofArtsTamilMedium -->
        <test-method is-config="true" signature="CloseBrowser(org.testng.ITestResult)[pri:0, instance:Amity.Online.Module1_FunctionalTesting@6cd24612]" started-at="2025-02-17T14:14:22 IST" name="CloseBrowser" finished-at="2025-02-17T14:14:22 IST" duration-ms="388" status="PASS">
          <params>
            <param index="0">
              <value>
                <![CDATA[[TestResult name=BachelorofArtsTamilMedium status=SUCCESS method=Module1_FunctionalTesting.BachelorofArtsTamilMedium()[pri:40, instance:Amity.Online.Module1_FunctionalTesting@6cd24612] output={null}]]]>
              </value>
            </param>
          </params>
          <reporter-output>
          </reporter-output>
        </test-method> <!-- CloseBrowser -->
        <test-method is-config="true" signature="LaunchBrowser()[pri:0, instance:Amity.Online.Module1_FunctionalTesting@6cd24612]" started-at="2025-02-17T14:14:22 IST" name="LaunchBrowser" finished-at="2025-02-17T14:14:24 IST" duration-ms="1837" status="PASS">
          <reporter-output>
          </reporter-output>
        </test-method> <!-- LaunchBrowser -->
        <test-method signature="BachelorofArtsTeluguMedium()[pri:41, instance:Amity.Online.Module1_FunctionalTesting@6cd24612]" started-at="2025-02-17T14:14:24 IST" name="BachelorofArtsTeluguMedium" finished-at="2025-02-17T14:14:31 IST" duration-ms="6388" status="PASS">
          <reporter-output>
          </reporter-output>
        </test-method> <!-- BachelorofArtsTeluguMedium -->
        <test-method is-config="true" signature="CloseBrowser(org.testng.ITestResult)[pri:0, instance:Amity.Online.Module1_FunctionalTesting@6cd24612]" started-at="2025-02-17T14:14:31 IST" name="CloseBrowser" finished-at="2025-02-17T14:14:31 IST" duration-ms="415" status="PASS">
          <params>
            <param index="0">
              <value>
                <![CDATA[[TestResult name=BachelorofArtsTeluguMedium status=SUCCESS method=Module1_FunctionalTesting.BachelorofArtsTeluguMedium()[pri:41, instance:Amity.Online.Module1_FunctionalTesting@6cd24612] output={null}]]]>
              </value>
            </param>
          </params>
          <reporter-output>
          </reporter-output>
        </test-method> <!-- CloseBrowser -->
        <test-method is-config="true" signature="LaunchBrowser()[pri:0, instance:Amity.Online.Module1_FunctionalTesting@6cd24612]" started-at="2025-02-17T14:14:31 IST" name="LaunchBrowser" finished-at="2025-02-17T14:14:33 IST" duration-ms="1950" status="PASS">
          <reporter-output>
          </reporter-output>
        </test-method> <!-- LaunchBrowser -->
        <test-method signature="BachelorofArtsHindiMedium()[pri:42, instance:Amity.Online.Module1_FunctionalTesting@6cd24612]" started-at="2025-02-17T14:14:33 IST" name="BachelorofArtsHindiMedium" finished-at="2025-02-17T14:14:39 IST" duration-ms="6049" status="PASS">
          <reporter-output>
          </reporter-output>
        </test-method> <!-- BachelorofArtsHindiMedium -->
        <test-method is-config="true" signature="CloseBrowser(org.testng.ITestResult)[pri:0, instance:Amity.Online.Module1_FunctionalTesting@6cd24612]" started-at="2025-02-17T14:14:39 IST" name="CloseBrowser" finished-at="2025-02-17T14:14:39 IST" duration-ms="426" status="PASS">
          <params>
            <param index="0">
              <value>
                <![CDATA[[TestResult name=BachelorofArtsHindiMedium status=SUCCESS method=Module1_FunctionalTesting.BachelorofArtsHindiMedium()[pri:42, instance:Amity.Online.Module1_FunctionalTesting@6cd24612] output={null}]]]>
              </value>
            </param>
          </params>
          <reporter-output>
          </reporter-output>
        </test-method> <!-- CloseBrowser -->
        <test-method is-config="true" signature="LaunchBrowser()[pri:0, instance:Amity.Online.Module1_FunctionalTesting@6cd24612]" started-at="2025-02-17T14:14:39 IST" name="LaunchBrowser" finished-at="2025-02-17T14:14:41 IST" duration-ms="1912" status="PASS">
          <reporter-output>
          </reporter-output>
        </test-method> <!-- LaunchBrowser -->
        <test-method signature="BComwithSpecializationinInternationalFinanceandAccounting()[pri:43, instance:Amity.Online.Module1_FunctionalTesting@6cd24612]" started-at="2025-02-17T14:14:41 IST" name="BComwithSpecializationinInternationalFinanceandAccounting" finished-at="2025-02-17T14:14:47 IST" duration-ms="6071" status="PASS">
          <reporter-output>
          </reporter-output>
        </test-method> <!-- BComwithSpecializationinInternationalFinanceandAccounting -->
        <test-method is-config="true" signature="CloseBrowser(org.testng.ITestResult)[pri:0, instance:Amity.Online.Module1_FunctionalTesting@6cd24612]" started-at="2025-02-17T14:14:47 IST" name="CloseBrowser" finished-at="2025-02-17T14:14:48 IST" duration-ms="418" status="PASS">
          <params>
            <param index="0">
              <value>
                <![CDATA[[TestResult name=BComwithSpecializationinInternationalFinanceandAccounting status=SUCCESS method=Module1_FunctionalTesting.BComwithSpecializationinInternationalFinanceandAccounting()[pri:43, instance:Amity.Online.Module1_FunctionalTesting@6cd24612] output={null}]]]>
              </value>
            </param>
          </params>
          <reporter-output>
          </reporter-output>
        </test-method> <!-- CloseBrowser -->
        <test-method is-config="true" signature="LaunchBrowser()[pri:0, instance:Amity.Online.Module1_FunctionalTesting@6cd24612]" started-at="2025-02-17T14:14:48 IST" name="LaunchBrowser" finished-at="2025-02-17T14:14:50 IST" duration-ms="2097" status="PASS">
          <reporter-output>
          </reporter-output>
        </test-method> <!-- LaunchBrowser -->
        <test-method signature="BachelorOfCommerceHonours()[pri:44, instance:Amity.Online.Module1_FunctionalTesting@6cd24612]" started-at="2025-02-17T14:14:50 IST" name="BachelorOfCommerceHonours" finished-at="2025-02-17T14:14:56 IST" duration-ms="6009" status="PASS">
          <reporter-output>
          </reporter-output>
        </test-method> <!-- BachelorOfCommerceHonours -->
        <test-method is-config="true" signature="CloseBrowser(org.testng.ITestResult)[pri:0, instance:Amity.Online.Module1_FunctionalTesting@6cd24612]" started-at="2025-02-17T14:14:56 IST" name="CloseBrowser" finished-at="2025-02-17T14:14:56 IST" duration-ms="369" status="PASS">
          <params>
            <param index="0">
              <value>
                <![CDATA[[TestResult name=BachelorOfCommerceHonours status=SUCCESS method=Module1_FunctionalTesting.BachelorOfCommerceHonours()[pri:44, instance:Amity.Online.Module1_FunctionalTesting@6cd24612] output={null}]]]>
              </value>
            </param>
          </params>
          <reporter-output>
          </reporter-output>
        </test-method> <!-- CloseBrowser -->
        <test-method is-config="true" signature="CloseReport()[pri:0, instance:Amity.Online.Module1_FunctionalTesting@6cd24612]" started-at="2025-02-17T14:14:56 IST" name="CloseReport" finished-at="2025-02-17T14:14:57 IST" duration-ms="687" status="PASS">
          <reporter-output>
          </reporter-output>
        </test-method> <!-- CloseReport -->
      </class> <!-- Amity.Online.Module1_FunctionalTesting -->
    </test> <!-- Default test -->
  </suite> <!-- Default suite -->
</testng-results>
